17:15:24.027 [main] INFO  tomcat.Exp - hello
17:15:34.365 [main] INFO  tomcat.Exp - hello
17:15:39.788 [main] INFO  tomcat.Exp - hello
17:15:44.116 [main] INFO  tomcat.Exp - hello
17:16:46.359 [main] INFO  tomcat.Exp - hello
17:16:46.365 [main] DEBUG tomcat.Exp - hello
17:16:46.365 [main] FATAL tomcat.Exp - hello
17:17:06.050 [main] INFO  tomcat.Exp - hello
17:17:06.055 [main] DEBUG tomcat.Exp - hello
17:17:06.055 [main] FATAL tomcat.Exp - hello
17:17:30.039 [main] INFO  tomcat.Exp - hello
17:17:30.044 [main] DEBUG tomcat.Exp - done
17:18:15.553 [main] INFO  tomcat.Exp - hello
17:18:15.558 [main] DEBUG tomcat.Exp - done
17:22:07.705 [main] INFO  tomcat.Exp - hello
17:22:07.710 [main] DEBUG tomcat.Exp - done
17:23:04.329 [main] INFO  tomcat.Exp - ok
17:23:13.181 [main] INFO  tomcat.Exp - ok
17:24:57.282 [main] INFO  tomcat.Exp - ok
17:25:25.595 [main] INFO  tomcat.Exp - ok
17:25:26.380 [main] INFO  tomcat.Exp - ok
17:25:33.138 [main] INFO  tomcat.Exp - ok
17:26:09.860 [main] INFO  tomcat.Exp - ok
